  main.c
C:\Users\ProximalElk6186\source\repos\uefi-simple\PINAUK\main.c(155,3): warning C4098: 'KK': 'void' function returning a value
C:\Users\ProximalElk6186\source\repos\uefi-simple\PINAUK\main.c(149,11): warning C4244: 'initializing': conversion from 'EFI_STATUS' to 'char', possible loss of data
C:\Users\ProximalElk6186\source\repos\uefi-simple\PINAUK\main.c(482,2): error C4235: nonstandard extension used: '__asm' keyword not supported on this architecture
C:\Users\ProximalElk6186\source\repos\uefi-simple\PINAUK\main.c(482,18): error C2059: syntax error: 'string'
C:\Users\ProximalElk6186\source\repos\uefi-simple\PINAUK\main.c(442,12): warning C4244: 'initializing': conversion from 'EFI_STATUS' to 'char', possible loss of data
C:\Users\ProximalElk6186\source\repos\uefi-simple\PINAUK\main.c(493,8): warning C4133: 'function': incompatible types - from 'char [2]' to 'const CHAR16 *'
C:\Users\ProximalElk6186\source\repos\uefi-simple\PINAUK\main.c(494,8): warning C4133: 'function': incompatible types - from 'char [2]' to 'const CHAR16 *'
C:\Users\ProximalElk6186\source\repos\uefi-simple\PINAUK\main.c(589,28): warning C4047: 'function': 'char' differs in levels of indirection from 'char [2]'
C:\Users\ProximalElk6186\source\repos\uefi-simple\PINAUK\main.c(589,28): warning C4024: 'strtok': different types for formal and actual parameter 2
C:\Users\ProximalElk6186\source\repos\uefi-simple\PINAUK\main.c(592,24): warning C4047: 'function': 'char' differs in levels of indirection from 'char [2]'
C:\Users\ProximalElk6186\source\repos\uefi-simple\PINAUK\main.c(592,24): warning C4024: 'strtok': different types for formal and actual parameter 2
C:\Users\ProximalElk6186\source\repos\uefi-simple\PINAUK\main.c(628,35): warning C4133: 'function': incompatible types - from 'unsigned short [2]' to 'char *'
C:\Users\ProximalElk6186\source\repos\uefi-simple\PINAUK\main.c(628,41): warning C4047: 'function': 'char' differs in levels of indirection from 'CHAR16 **'
C:\Users\ProximalElk6186\source\repos\uefi-simple\PINAUK\main.c(628,41): warning C4024: 'strtok': different types for formal and actual parameter 2
C:\Users\ProximalElk6186\source\repos\uefi-simple\PINAUK\main.c(628,13): warning C4133: '=': incompatible types - from 'char *' to 'CHAR16 *'
C:\Users\ProximalElk6186\source\repos\uefi-simple\PINAUK\main.c(630,28): warning C4133: 'function': incompatible types - from 'unsigned short [2]' to 'char *'
C:\Users\ProximalElk6186\source\repos\uefi-simple\PINAUK\main.c(630,34): warning C4047: 'function': 'char' differs in levels of indirection from 'CHAR16 **'
C:\Users\ProximalElk6186\source\repos\uefi-simple\PINAUK\main.c(630,34): warning C4024: 'strtok': different types for formal and actual parameter 2
C:\Users\ProximalElk6186\source\repos\uefi-simple\PINAUK\main.c(630,9): warning C4133: '=': incompatible types - from 'char *' to 'CHAR16 *'
C:\Users\ProximalElk6186\source\repos\uefi-simple\PINAUK\main.c(635,11): warning C4047: '==': 'CHAR16 *' differs in levels of indirection from 'int'
