  main.c
C:\Users\ProximalElk6186\source\repos\uefi-simple\main.c(75,3): warning C4098: 'KK': 'void' function returning a value
C:\Users\ProximalElk6186\source\repos\uefi-simple\main.c(212,8): warning C4101: 'Event': unreferenced local variable
C:\Users\ProximalElk6186\source\repos\uefi-simple\main.c(405,8): warning C4133: 'function': incompatible types - from 'char [2]' to 'const CHAR16 *'
C:\Users\ProximalElk6186\source\repos\uefi-simple\main.c(406,8): warning C4133: 'function': incompatible types - from 'char [2]' to 'const CHAR16 *'
C:\Users\ProximalElk6186\source\repos\uefi-simple\main.c(426,10): warning C4133: 'function': incompatible types - from 'char [2]' to 'const CHAR16 *'
C:\Users\ProximalElk6186\source\repos\uefi-simple\main.c(427,10): warning C4133: 'function': incompatible types - from 'char [2]' to 'const CHAR16 *'
C:\Users\ProximalElk6186\source\repos\uefi-simple\main.c(749,8): warning C4047: '==': 'int' differs in levels of indirection from 'char [2]'
C:\Users\ProximalElk6186\source\repos\uefi-simple\main.c(753,8): warning C4047: '==': 'int' differs in levels of indirection from 'char [2]'
C:\Users\ProximalElk6186\source\repos\uefi-simple\main.c(757,8): warning C4047: '==': 'int' differs in levels of indirection from 'char [2]'
C:\Users\ProximalElk6186\source\repos\uefi-simple\main.c(761,8): warning C4047: '==': 'int' differs in levels of indirection from 'char [2]'
C:\Users\ProximalElk6186\source\repos\uefi-simple\main.c(765,8): warning C4047: '==': 'int' differs in levels of indirection from 'char [2]'
C:\Users\ProximalElk6186\source\repos\uefi-simple\main.c(769,8): warning C4047: '==': 'int' differs in levels of indirection from 'char [2]'
C:\Users\ProximalElk6186\source\repos\uefi-simple\main.c(773,8): warning C4047: '==': 'int' differs in levels of indirection from 'char [2]'
C:\Users\ProximalElk6186\source\repos\uefi-simple\main.c(777,8): warning C4047: '==': 'int' differs in levels of indirection from 'char [2]'
C:\Users\ProximalElk6186\source\repos\uefi-simple\main.c(781,8): warning C4047: '==': 'int' differs in levels of indirection from 'char [2]'
C:\Users\ProximalElk6186\source\repos\uefi-simple\main.c(785,8): warning C4047: '==': 'int' differs in levels of indirection from 'char [2]'
C:\Users\ProximalElk6186\source\repos\uefi-simple\main.c(789,8): warning C4047: '==': 'int' differs in levels of indirection from 'char [2]'
C:\Users\ProximalElk6186\source\repos\uefi-simple\main.c(793,8): warning C4047: '==': 'int' differs in levels of indirection from 'char [2]'
C:\Users\ProximalElk6186\source\repos\uefi-simple\main.c(797,8): warning C4047: '==': 'int' differs in levels of indirection from 'char [2]'
C:\Users\ProximalElk6186\source\repos\uefi-simple\main.c(801,8): warning C4047: '==': 'int' differs in levels of indirection from 'char [2]'
C:\Users\ProximalElk6186\source\repos\uefi-simple\main.c(805,8): warning C4047: '==': 'int' differs in levels of indirection from 'char [2]'
C:\Users\ProximalElk6186\source\repos\uefi-simple\main.c(809,8): warning C4047: '==': 'int' differs in levels of indirection from 'char [2]'
C:\Users\ProximalElk6186\source\repos\uefi-simple\main.c(813,8): warning C4047: '==': 'int' differs in levels of indirection from 'char [2]'
C:\Users\ProximalElk6186\source\repos\uefi-simple\main.c(817,8): warning C4047: '==': 'int' differs in levels of indirection from 'char [2]'
C:\Users\ProximalElk6186\source\repos\uefi-simple\main.c(821,8): warning C4047: '==': 'int' differs in levels of indirection from 'char [2]'
C:\Users\ProximalElk6186\source\repos\uefi-simple\main.c(825,8): warning C4047: '==': 'int' differs in levels of indirection from 'char [2]'
C:\Users\ProximalElk6186\source\repos\uefi-simple\main.c(829,8): warning C4047: '==': 'int' differs in levels of indirection from 'char [2]'
C:\Users\ProximalElk6186\source\repos\uefi-simple\main.c(833,8): warning C4047: '==': 'int' differs in levels of indirection from 'char [2]'
C:\Users\ProximalElk6186\source\repos\uefi-simple\main.c(837,8): warning C4047: '==': 'int' differs in levels of indirection from 'char [2]'
C:\Users\ProximalElk6186\source\repos\uefi-simple\main.c(841,8): warning C4047: '==': 'int' differs in levels of indirection from 'char [2]'
C:\Users\ProximalElk6186\source\repos\uefi-simple\main.c(845,8): warning C4047: '==': 'int' differs in levels of indirection from 'char [2]'
C:\Users\ProximalElk6186\source\repos\uefi-simple\main.c(849,8): warning C4047: '==': 'int' differs in levels of indirection from 'char [2]'
C:\Users\ProximalElk6186\source\repos\uefi-simple\main.c(857,30): warning C4133: 'function': incompatible types - from 'char *' to 'const CHAR16 *'
C:\Users\ProximalElk6186\source\repos\uefi-simple\main.c(857,20): warning C4018: '<=': signed/unsigned mismatch
C:\Users\ProximalElk6186\source\repos\uefi-simple\main.c(859,92): warning C4047: 'function': 'char' differs in levels of indirection from 'char *'
C:\Users\ProximalElk6186\source\repos\uefi-simple\main.c(859,92): warning C4024: 'char_to_vga_index': different types for formal and actual parameter 1
C:\Users\ProximalElk6186\source\repos\uefi-simple\main.c(854,1): warning C4715: 'char_to_vga_index': not all control paths return a value
  uefi-simple.vcxproj -> C:\Users\ProximalElk6186\source\repos\uefi-simple\ia32\Debug\uefi-simple.efi
